0 info it worked if it ends with ok
1 verbose cli [ 'C:\\Program Files\\nodejs\\\\node.exe',
1 verbose cli   'C:\\Program Files\\nodejs\\node_modules\\npm\\bin\\npm-cli.js',
1 verbose cli   'install',
1 verbose cli   '-g',
1 verbose cli   'uglify' ]
2 info using npm@1.3.11
3 info using node@v0.10.21
4 verbose node symlink C:\Program Files\nodejs\\node.exe
5 verbose cache add [ 'uglify', null ]
6 verbose cache add name=undefined spec="uglify" args=["uglify",null]
7 verbose parsed url { protocol: null,
7 verbose parsed url   slashes: null,
7 verbose parsed url   auth: null,
7 verbose parsed url   host: null,
7 verbose parsed url   port: null,
7 verbose parsed url   hostname: null,
7 verbose parsed url   hash: null,
7 verbose parsed url   search: null,
7 verbose parsed url   query: null,
7 verbose parsed url   pathname: 'uglify',
7 verbose parsed url   path: 'uglify',
7 verbose parsed url   href: 'uglify' }
8 silly lockFile e8fa4098-uglify uglify
9 verbose lock uglify C:\Users\mark prades\AppData\Roaming\npm-cache\e8fa4098-uglify.lock
10 silly lockFile e8fa4098-uglify uglify
11 silly lockFile e8fa4098-uglify uglify
12 verbose addNamed [ 'uglify', '' ]
13 verbose addNamed [ null, '*' ]
14 silly lockFile 67e93562-uglify uglify@
15 verbose lock uglify@ C:\Users\mark prades\AppData\Roaming\npm-cache\67e93562-uglify.lock
16 silly addNameRange { name: 'uglify', range: '*', hasData: false }
17 verbose url raw uglify
18 verbose url resolving [ 'https://registry.npmjs.org/', './uglify' ]
19 verbose url resolved https://registry.npmjs.org/uglify
20 info trying registry request attempt 1 at 06:32:47
21 http GET https://registry.npmjs.org/uglify
22 http 404 https://registry.npmjs.org/uglify
23 silly registry.get cb [ 404,
23 silly registry.get   { server: 'CouchDB/1.3.1 (Erlang OTP/R15B03)',
23 silly registry.get     date: 'Wed, 13 Nov 2013 05:32:51 GMT',
23 silly registry.get     'content-type': 'application/json',
23 silly registry.get     'content-length': '52',
23 silly registry.get     'cache-control': 'must-revalidate' } ]
24 silly lockFile 67e93562-uglify uglify@
25 silly lockFile 67e93562-uglify uglify@
26 error 404 'uglify' is not in the npm registry.
26 error 404 You should bug the author to publish it
26 error 404
26 error 404 Note that you can also install from a
26 error 404 tarball, folder, or http url, or git url.
27 error System Windows_NT 6.1.7601
28 error command "C:\\Program Files\\nodejs\\\\node.exe" "C:\\Program Files\\nodejs\\node_modules\\npm\\bin\\npm-cli.js" "install" "-g" "uglify"
29 error cwd c:\development\categories\javascript\coordinates\build
30 error node -v v0.10.21
31 error npm -v 1.3.11
32 error code E404
33 verbose exit [ 1, true ]
